<?xml version="1.0" encoding="UTF-8"?>
<testsuites tests="6" failures="6" errors="6" skipped="0">
  <testsuite name="BackstopJS" tests="6" failures="6" errors="6" skipped="0">
    <testcase classname="document" name=" ›› Homepage">
      <failure message="Design deviation ›› Homepage (document) component"/>
      <error message="Design deviation ›› Homepage (document) component"/>
    </testcase>
    <testcase classname="document" name=" ›› Homepage">
      <failure message="Design deviation ›› Homepage (document) component"/>
      <error message="Design deviation ›› Homepage (document) component"/>
    </testcase>
    <testcase classname="document" name=" ›› Homepage">
      <failure message="Design deviation ›› Homepage (document) component"/>
      <error message="Design deviation ›› Homepage (document) component"/>
    </testcase>
    <testcase classname="body" name=" ›› Homepage Above The Fold">
      <failure message="Design deviation ›› Homepage Above The Fold (body) component"/>
      <error message="Design deviation ›› Homepage Above The Fold (body) component"/>
    </testcase>
    <testcase classname="body" name=" ›› Homepage Above The Fold">
      <failure message="Design deviation ›› Homepage Above The Fold (body) component"/>
      <error message="Design deviation ›› Homepage Above The Fold (body) component"/>
    </testcase>
    <testcase classname="body" name=" ›› Homepage Above The Fold">
      <failure message="Design deviation ›› Homepage Above The Fold (body) component"/>
      <error message="Design deviation ›› Homepage Above The Fold (body) component"/>
    </testcase>
  </testsuite>
</testsuites>